[1107/130159.866:ERROR:child_thread_impl.cc(762)] Request for unknown Channel-associated interface: ui::mojom::GpuMain
[1107/130238.516:ERROR:child_thread_impl.cc(762)] Request for unknown Channel-associated interface: ui::mojom::GpuMain
[1107/130325.701:ERROR:child_thread_impl.cc(762)] Request for unknown Channel-associated interface: ui::mojom::GpuMain
[1107/130447.421:ERROR:child_thread_impl.cc(762)] Request for unknown Channel-associated interface: ui::mojom::GpuMain
[1107/130525.189:ERROR:child_thread_impl.cc(762)] Request for unknown Channel-associated interface: ui::mojom::GpuMain
[1107/130526.583:ERROR:render_process_host_impl.cc(2077)] Request for unknown Channel-associated interface: device::mojom::ScreenOrientationListener
[1107/130644.794:ERROR:child_thread_impl.cc(762)] Request for unknown Channel-associated interface: ui::mojom::GpuMain
[1107/130646.353:ERROR:render_process_host_impl.cc(2077)] Request for unknown Channel-associated interface: device::mojom::ScreenOrientationListener
[1107/130731.533:ERROR:child_thread_impl.cc(762)] Request for unknown Channel-associated interface: ui::mojom::GpuMain
[1107/131022.188:ERROR:child_thread_impl.cc(762)] Request for unknown Channel-associated interface: ui::mojom::GpuMain
[1107/131023.483:ERROR:render_process_host_impl.cc(2077)] Request for unknown Channel-associated interface: device::mojom::ScreenOrientationListener
[1107/131053.931:ERROR:child_thread_impl.cc(762)] Request for unknown Channel-associated interface: ui::mojom::GpuMain
[1107/131055.035:ERROR:render_process_host_impl.cc(2077)] Request for unknown Channel-associated interface: device::mojom::ScreenOrientationListener
[1107/131315.386:ERROR:child_thread_impl.cc(762)] Request for unknown Channel-associated interface: ui::mojom::GpuMain
[1107/131316.873:ERROR:render_process_host_impl.cc(2077)] Request for unknown Channel-associated interface: device::mojom::ScreenOrientationListener
[1107/132700.622:ERROR:child_thread_impl.cc(762)] Request for unknown Channel-associated interface: ui::mojom::GpuMain
[1107/133527.873:ERROR:child_thread_impl.cc(762)] Request for unknown Channel-associated interface: ui::mojom::GpuMain
[1107/133529.075:ERROR:render_process_host_impl.cc(2077)] Request for unknown Channel-associated interface: device::mojom::ScreenOrientationListener
[1107/133636.772:ERROR:child_thread_impl.cc(762)] Request for unknown Channel-associated interface: ui::mojom::GpuMain
[1107/133638.057:ERROR:render_process_host_impl.cc(2077)] Request for unknown Channel-associated interface: device::mojom::ScreenOrientationListener
[1107/140045.095:ERROR:child_thread_impl.cc(762)] Request for unknown Channel-associated interface: ui::mojom::GpuMain
[1107/140047.069:ERROR:render_process_host_impl.cc(2077)] Request for unknown Channel-associated interface: device::mojom::ScreenOrientationListener
[1107/140705.178:ERROR:child_thread_impl.cc(762)] Request for unknown Channel-associated interface: ui::mojom::GpuMain
[1107/140706.332:ERROR:render_process_host_impl.cc(2077)] Request for unknown Channel-associated interface: device::mojom::ScreenOrientationListener
[1107/140932.848:ERROR:child_thread_impl.cc(762)] Request for unknown Channel-associated interface: ui::mojom::GpuMain
[1107/140933.861:ERROR:render_process_host_impl.cc(2077)] Request for unknown Channel-associated interface: device::mojom::ScreenOrientationListener
[1107/141246.415:ERROR:child_thread_impl.cc(762)] Request for unknown Channel-associated interface: ui::mojom::GpuMain
[1107/141248.100:ERROR:render_process_host_impl.cc(2077)] Request for unknown Channel-associated interface: device::mojom::ScreenOrientationListener
[1107/141320.128:ERROR:child_thread_impl.cc(762)] Request for unknown Channel-associated interface: ui::mojom::GpuMain
[1107/141321.224:ERROR:render_process_host_impl.cc(2077)] Request for unknown Channel-associated interface: device::mojom::ScreenOrientationListener
[1107/141404.646:ERROR:child_thread_impl.cc(762)] Request for unknown Channel-associated interface: ui::mojom::GpuMain
[1107/141406.127:ERROR:render_process_host_impl.cc(2077)] Request for unknown Channel-associated interface: device::mojom::ScreenOrientationListener
[1107/141631.715:ERROR:child_thread_impl.cc(762)] Request for unknown Channel-associated interface: ui::mojom::GpuMain
[1107/141633.370:ERROR:render_process_host_impl.cc(2077)] Request for unknown Channel-associated interface: device::mojom::ScreenOrientationListener
[1107/152159.973:ERROR:child_thread_impl.cc(762)] Request for unknown Channel-associated interface: ui::mojom::GpuMain
[1107/152206.276:ERROR:render_process_host_impl.cc(2077)] Request for unknown Channel-associated interface: device::mojom::ScreenOrientationListener
[1107/152303.176:ERROR:child_thread_impl.cc(762)] Request for unknown Channel-associated interface: ui::mojom::GpuMain
[1107/152304.986:ERROR:render_process_host_impl.cc(2077)] Request for unknown Channel-associated interface: device::mojom::ScreenOrientationListener
[1107/152350.672:ERROR:child_thread_impl.cc(762)] Request for unknown Channel-associated interface: ui::mojom::GpuMain
[1107/152351.995:ERROR:render_process_host_impl.cc(2077)] Request for unknown Channel-associated interface: device::mojom::ScreenOrientationListener
[1107/155223.336:ERROR:child_thread_impl.cc(762)] Request for unknown Channel-associated interface: ui::mojom::GpuMain
[1107/155225.430:ERROR:render_process_host_impl.cc(2077)] Request for unknown Channel-associated interface: device::mojom::ScreenOrientationListener
[1107/155350.382:ERROR:child_thread_impl.cc(762)] Request for unknown Channel-associated interface: ui::mojom::GpuMain
[1107/155351.323:ERROR:render_process_host_impl.cc(2077)] Request for unknown Channel-associated interface: device::mojom::ScreenOrientationListener
[1107/155502.370:ERROR:child_thread_impl.cc(762)] Request for unknown Channel-associated interface: ui::mojom::GpuMain
[1107/155503.476:ERROR:render_process_host_impl.cc(2077)] Request for unknown Channel-associated interface: device::mojom::ScreenOrientationListener
[1107/155549.140:ERROR:child_thread_impl.cc(762)] Request for unknown Channel-associated interface: ui::mojom::GpuMain
[1107/155550.270:ERROR:render_process_host_impl.cc(2077)] Request for unknown Channel-associated interface: device::mojom::ScreenOrientationListener
[1107/155750.431:ERROR:child_thread_impl.cc(762)] Request for unknown Channel-associated interface: ui::mojom::GpuMain
[1107/155753.064:ERROR:render_process_host_impl.cc(2077)] Request for unknown Channel-associated interface: device::mojom::ScreenOrientationListener
[1107/160324.481:ERROR:child_thread_impl.cc(762)] Request for unknown Channel-associated interface: ui::mojom::GpuMain
[1107/160325.579:ERROR:render_process_host_impl.cc(2077)] Request for unknown Channel-associated interface: device::mojom::ScreenOrientationListener
[1107/160420.490:ERROR:child_thread_impl.cc(762)] Request for unknown Channel-associated interface: ui::mojom::GpuMain
[1107/160421.370:ERROR:render_process_host_impl.cc(2077)] Request for unknown Channel-associated interface: device::mojom::ScreenOrientationListener
[1107/160622.892:ERROR:child_thread_impl.cc(762)] Request for unknown Channel-associated interface: ui::mojom::GpuMain
[1107/160623.903:ERROR:render_process_host_impl.cc(2077)] Request for unknown Channel-associated interface: device::mojom::ScreenOrientationListener
[1107/160708.612:ERROR:child_thread_impl.cc(762)] Request for unknown Channel-associated interface: ui::mojom::GpuMain
[1107/160709.788:ERROR:render_process_host_impl.cc(2077)] Request for unknown Channel-associated interface: device::mojom::ScreenOrientationListener
[1107/161014.137:ERROR:child_thread_impl.cc(762)] Request for unknown Channel-associated interface: ui::mojom::GpuMain
[1107/161015.005:ERROR:render_process_host_impl.cc(2077)] Request for unknown Channel-associated interface: device::mojom::ScreenOrientationListener
[1107/161842.202:ERROR:child_thread_impl.cc(762)] Request for unknown Channel-associated interface: ui::mojom::GpuMain
[1107/161843.072:ERROR:render_process_host_impl.cc(2077)] Request for unknown Channel-associated interface: device::mojom::ScreenOrientationListener
[1107/162023.812:ERROR:child_thread_impl.cc(762)] Request for unknown Channel-associated interface: ui::mojom::GpuMain
[1107/162024.737:ERROR:render_process_host_impl.cc(2077)] Request for unknown Channel-associated interface: device::mojom::ScreenOrientationListener
[1107/162141.605:ERROR:child_thread_impl.cc(762)] Request for unknown Channel-associated interface: ui::mojom::GpuMain
[1107/162142.617:ERROR:render_process_host_impl.cc(2077)] Request for unknown Channel-associated interface: device::mojom::ScreenOrientationListener
[1107/162315.632:ERROR:child_thread_impl.cc(762)] Request for unknown Channel-associated interface: ui::mojom::GpuMain
[1107/162317.038:ERROR:render_process_host_impl.cc(2077)] Request for unknown Channel-associated interface: device::mojom::ScreenOrientationListener
[1107/162416.289:ERROR:child_thread_impl.cc(762)] Request for unknown Channel-associated interface: ui::mojom::GpuMain
[1107/162417.055:ERROR:render_process_host_impl.cc(2077)] Request for unknown Channel-associated interface: device::mojom::ScreenOrientationListener
[1107/162820.351:ERROR:child_thread_impl.cc(762)] Request for unknown Channel-associated interface: ui::mojom::GpuMain
[1107/162821.476:ERROR:render_process_host_impl.cc(2077)] Request for unknown Channel-associated interface: device::mojom::ScreenOrientationListener
[1107/163135.053:ERROR:child_thread_impl.cc(762)] Request for unknown Channel-associated interface: ui::mojom::GpuMain
[1107/163137.061:ERROR:render_process_host_impl.cc(2077)] Request for unknown Channel-associated interface: device::mojom::ScreenOrientationListener
[1107/163447.654:ERROR:child_thread_impl.cc(762)] Request for unknown Channel-associated interface: ui::mojom::GpuMain
[1107/163448.682:ERROR:render_process_host_impl.cc(2077)] Request for unknown Channel-associated interface: device::mojom::ScreenOrientationListener
[1107/165016.102:ERROR:child_thread_impl.cc(762)] Request for unknown Channel-associated interface: ui::mojom::GpuMain
[1107/165017.305:ERROR:render_process_host_impl.cc(2077)] Request for unknown Channel-associated interface: device::mojom::ScreenOrientationListener
[1107/165330.493:ERROR:child_thread_impl.cc(762)] Request for unknown Channel-associated interface: ui::mojom::GpuMain
[1107/165331.407:ERROR:render_process_host_impl.cc(2077)] Request for unknown Channel-associated interface: device::mojom::ScreenOrientationListener
[1107/170009.079:ERROR:child_thread_impl.cc(762)] Request for unknown Channel-associated interface: ui::mojom::GpuMain
[1107/170010.566:ERROR:render_process_host_impl.cc(2077)] Request for unknown Channel-associated interface: device::mojom::ScreenOrientationListener
[1107/170507.417:ERROR:child_thread_impl.cc(762)] Request for unknown Channel-associated interface: ui::mojom::GpuMain
[1107/170508.750:ERROR:render_process_host_impl.cc(2077)] Request for unknown Channel-associated interface: device::mojom::ScreenOrientationListener
[1107/222914.824:ERROR:child_thread_impl.cc(762)] Request for unknown Channel-associated interface: ui::mojom::GpuMain
[1107/222921.660:ERROR:render_process_host_impl.cc(2077)] Request for unknown Channel-associated interface: device::mojom::ScreenOrientationListener
[1107/223138.130:ERROR:child_thread_impl.cc(762)] Request for unknown Channel-associated interface: ui::mojom::GpuMain
[1107/223139.715:ERROR:render_process_host_impl.cc(2077)] Request for unknown Channel-associated interface: device::mojom::ScreenOrientationListener
[1109/160349.052:ERROR:child_thread_impl.cc(762)] Request for unknown Channel-associated interface: ui::mojom::GpuMain
[1109/160355.548:ERROR:render_process_host_impl.cc(2077)] Request for unknown Channel-associated interface: device::mojom::ScreenOrientationListener
[1109/160833.692:ERROR:child_thread_impl.cc(762)] Request for unknown Channel-associated interface: ui::mojom::GpuMain
[1109/160835.273:ERROR:render_process_host_impl.cc(2077)] Request for unknown Channel-associated interface: device::mojom::ScreenOrientationListener
[1109/173740.154:ERROR:child_thread_impl.cc(762)] Request for unknown Channel-associated interface: ui::mojom::GpuMain
[1109/173744.785:ERROR:render_process_host_impl.cc(2077)] Request for unknown Channel-associated interface: device::mojom::ScreenOrientationListener
[1109/173902.831:ERROR:child_thread_impl.cc(762)] Request for unknown Channel-associated interface: ui::mojom::GpuMain
[1109/173904.055:ERROR:render_process_host_impl.cc(2077)] Request for unknown Channel-associated interface: device::mojom::ScreenOrientationListener
[1109/173933.989:ERROR:child_thread_impl.cc(762)] Request for unknown Channel-associated interface: ui::mojom::GpuMain
[1109/173935.351:ERROR:render_process_host_impl.cc(2077)] Request for unknown Channel-associated interface: device::mojom::ScreenOrientationListener
[1109/173955.084:ERROR:child_thread_impl.cc(762)] Request for unknown Channel-associated interface: ui::mojom::GpuMain
[1109/173956.267:ERROR:render_process_host_impl.cc(2077)] Request for unknown Channel-associated interface: device::mojom::ScreenOrientationListener
[1109/192450.224:ERROR:child_thread_impl.cc(762)] Request for unknown Channel-associated interface: ui::mojom::GpuMain
[1109/192501.165:ERROR:render_process_host_impl.cc(2077)] Request for unknown Channel-associated interface: device::mojom::ScreenOrientationListener
[1109/192655.577:ERROR:child_thread_impl.cc(762)] Request for unknown Channel-associated interface: ui::mojom::GpuMain
[1109/192847.086:ERROR:child_thread_impl.cc(762)] Request for unknown Channel-associated interface: ui::mojom::GpuMain
[1109/192927.738:ERROR:child_thread_impl.cc(762)] Request for unknown Channel-associated interface: ui::mojom::GpuMain
[1109/192954.036:ERROR:child_thread_impl.cc(762)] Request for unknown Channel-associated interface: ui::mojom::GpuMain
[1109/193043.237:ERROR:child_thread_impl.cc(762)] Request for unknown Channel-associated interface: ui::mojom::GpuMain
[1109/193051.312:ERROR:render_process_host_impl.cc(2077)] Request for unknown Channel-associated interface: device::mojom::ScreenOrientationListener
[1109/193201.891:ERROR:child_thread_impl.cc(762)] Request for unknown Channel-associated interface: ui::mojom::GpuMain
[1109/193247.671:ERROR:child_thread_impl.cc(762)] Request for unknown Channel-associated interface: ui::mojom::GpuMain
[1109/193252.046:ERROR:render_process_host_impl.cc(2077)] Request for unknown Channel-associated interface: device::mojom::ScreenOrientationListener
[1109/193332.467:ERROR:child_thread_impl.cc(762)] Request for unknown Channel-associated interface: ui::mojom::GpuMain
[1109/193409.440:ERROR:child_thread_impl.cc(762)] Request for unknown Channel-associated interface: ui::mojom::GpuMain
[1109/193600.918:ERROR:child_thread_impl.cc(762)] Request for unknown Channel-associated interface: ui::mojom::GpuMain
[1109/193828.088:ERROR:child_thread_impl.cc(762)] Request for unknown Channel-associated interface: ui::mojom::GpuMain
[1109/204841.381:ERROR:child_thread_impl.cc(762)] Request for unknown Channel-associated interface: ui::mojom::GpuMain
[1109/204914.339:ERROR:child_thread_impl.cc(762)] Request for unknown Channel-associated interface: ui::mojom::GpuMain
[1109/204917.361:ERROR:render_process_host_impl.cc(2077)] Request for unknown Channel-associated interface: device::mojom::ScreenOrientationListener
[1109/205747.630:ERROR:child_thread_impl.cc(762)] Request for unknown Channel-associated interface: ui::mojom::GpuMain
[1109/205750.308:ERROR:render_process_host_impl.cc(2077)] Request for unknown Channel-associated interface: device::mojom::ScreenOrientationListener
[1109/210144.693:ERROR:child_thread_impl.cc(762)] Request for unknown Channel-associated interface: ui::mojom::GpuMain
[1109/210146.879:ERROR:render_process_host_impl.cc(2077)] Request for unknown Channel-associated interface: device::mojom::ScreenOrientationListener
[1109/210208.970:ERROR:child_thread_impl.cc(762)] Request for unknown Channel-associated interface: ui::mojom::GpuMain
[1109/210906.478:ERROR:child_thread_impl.cc(762)] Request for unknown Channel-associated interface: ui::mojom::GpuMain
[1109/210911.090:ERROR:render_process_host_impl.cc(2077)] Request for unknown Channel-associated interface: device::mojom::ScreenOrientationListener
[1109/211626.609:ERROR:child_thread_impl.cc(762)] Request for unknown Channel-associated interface: ui::mojom::GpuMain
[1109/211713.467:ERROR:child_thread_impl.cc(762)] Request for unknown Channel-associated interface: ui::mojom::GpuMain
[1109/211842.094:ERROR:child_thread_impl.cc(762)] Request for unknown Channel-associated interface: ui::mojom::GpuMain
[1109/211915.519:ERROR:child_thread_impl.cc(762)] Request for unknown Channel-associated interface: ui::mojom::GpuMain
[1109/211917.788:ERROR:render_process_host_impl.cc(2077)] Request for unknown Channel-associated interface: device::mojom::ScreenOrientationListener
[1109/211933.976:ERROR:child_thread_impl.cc(762)] Request for unknown Channel-associated interface: ui::mojom::GpuMain
[1109/211938.786:ERROR:render_process_host_impl.cc(2077)] Request for unknown Channel-associated interface: device::mojom::ScreenOrientationListener
[1109/212028.025:ERROR:child_thread_impl.cc(762)] Request for unknown Channel-associated interface: ui::mojom::GpuMain
[1109/212030.009:ERROR:render_process_host_impl.cc(2077)] Request for unknown Channel-associated interface: device::mojom::ScreenOrientationListener
[1109/212110.210:ERROR:child_thread_impl.cc(762)] Request for unknown Channel-associated interface: ui::mojom::GpuMain
[1109/212111.557:ERROR:render_process_host_impl.cc(2077)] Request for unknown Channel-associated interface: device::mojom::ScreenOrientationListener
[1109/212129.605:ERROR:child_thread_impl.cc(762)] Request for unknown Channel-associated interface: ui::mojom::GpuMain
[1109/212130.924:ERROR:render_process_host_impl.cc(2077)] Request for unknown Channel-associated interface: device::mojom::ScreenOrientationListener
[1109/212228.084:ERROR:child_thread_impl.cc(762)] Request for unknown Channel-associated interface: ui::mojom::GpuMain
[1109/212229.439:ERROR:render_process_host_impl.cc(2077)] Request for unknown Channel-associated interface: device::mojom::ScreenOrientationListener
[1109/212312.510:ERROR:child_thread_impl.cc(762)] Request for unknown Channel-associated interface: ui::mojom::GpuMain
[1109/212317.201:ERROR:render_process_host_impl.cc(2077)] Request for unknown Channel-associated interface: device::mojom::ScreenOrientationListener
[1109/213815.243:ERROR:child_thread_impl.cc(762)] Request for unknown Channel-associated interface: ui::mojom::GpuMain
[1109/213816.671:ERROR:render_process_host_impl.cc(2077)] Request for unknown Channel-associated interface: device::mojom::ScreenOrientationListener
[1109/214946.376:ERROR:child_thread_impl.cc(762)] Request for unknown Channel-associated interface: ui::mojom::GpuMain
[1109/214951.125:ERROR:render_process_host_impl.cc(2077)] Request for unknown Channel-associated interface: device::mojom::ScreenOrientationListener
[1109/215020.171:ERROR:child_thread_impl.cc(762)] Request for unknown Channel-associated interface: ui::mojom::GpuMain
[1109/215022.221:ERROR:render_process_host_impl.cc(2077)] Request for unknown Channel-associated interface: device::mojom::ScreenOrientationListener
[1109/215520.131:ERROR:child_thread_impl.cc(762)] Request for unknown Channel-associated interface: ui::mojom::GpuMain
[1109/215521.777:ERROR:render_process_host_impl.cc(2077)] Request for unknown Channel-associated interface: device::mojom::ScreenOrientationListener
[1109/220553.096:ERROR:child_thread_impl.cc(762)] Request for unknown Channel-associated interface: ui::mojom::GpuMain
[1109/220558.880:WARNING:quota_manager.cc(1833)] Create directory failed for path
[1109/220558.880:WARNING:quota_manager.cc(1833)] Create directory failed for path
[1109/220913.726:ERROR:child_thread_impl.cc(762)] Request for unknown Channel-associated interface: ui::mojom::GpuMain
[1109/220919.732:WARNING:quota_manager.cc(1833)] Create directory failed for path
[1109/220919.732:WARNING:quota_manager.cc(1833)] Create directory failed for path
[1109/220919.733:WARNING:quota_manager.cc(1833)] Create directory failed for path
[1109/223228.405:ERROR:child_thread_impl.cc(762)] Request for unknown Channel-associated interface: ui::mojom::GpuMain
[1109/223234.460:WARNING:quota_manager.cc(1833)] Create directory failed for path
[1109/223234.460:WARNING:quota_manager.cc(1833)] Create directory failed for path
[1109/223610.968:ERROR:child_thread_impl.cc(762)] Request for unknown Channel-associated interface: ui::mojom::GpuMain
[1114/103052.006:ERROR:child_thread_impl.cc(762)] Request for unknown Channel-associated interface: ui::mojom::GpuMain
[1114/103103.938:WARNING:quota_manager.cc(1833)] Create directory failed for path
[1114/103103.964:WARNING:quota_manager.cc(1833)] Create directory failed for path
[1114/103103.964:WARNING:quota_manager.cc(1833)] Create directory failed for path
[1114/103354.287:ERROR:child_thread_impl.cc(762)] Request for unknown Channel-associated interface: ui::mojom::GpuMain
[1114/103358.771:WARNING:quota_manager.cc(1833)] Create directory failed for path
[1114/103358.772:WARNING:quota_manager.cc(1833)] Create directory failed for path
[1114/103431.742:WARNING:dns_config_service_win.cc(661)] Failed to read DnsConfig.
[1114/103528.667:ERROR:child_thread_impl.cc(762)] Request for unknown Channel-associated interface: ui::mojom::GpuMain
[1114/103533.769:WARNING:quota_manager.cc(1833)] Create directory failed for path
[1114/103533.769:WARNING:quota_manager.cc(1833)] Create directory failed for path
[1114/111741.512:ERROR:child_thread_impl.cc(762)] Request for unknown Channel-associated interface: ui::mojom::GpuMain
[1114/111746.285:WARNING:quota_manager.cc(1833)] Create directory failed for path
[1114/111746.285:WARNING:quota_manager.cc(1833)] Create directory failed for path
[1114/112213.916:ERROR:child_thread_impl.cc(762)] Request for unknown Channel-associated interface: ui::mojom::GpuMain
[1114/112218.292:WARNING:quota_manager.cc(1833)] Create directory failed for path
[1114/112218.292:WARNING:quota_manager.cc(1833)] Create directory failed for path
[1114/112218.293:WARNING:quota_manager.cc(1833)] Create directory failed for path
[1114/112351.730:ERROR:child_thread_impl.cc(762)] Request for unknown Channel-associated interface: ui::mojom::GpuMain
[1114/112503.430:ERROR:child_thread_impl.cc(762)] Request for unknown Channel-associated interface: ui::mojom::GpuMain
[1114/112508.034:WARNING:quota_manager.cc(1833)] Create directory failed for path
[1114/112508.035:WARNING:quota_manager.cc(1833)] Create directory failed for path
[1114/112600.054:ERROR:child_thread_impl.cc(762)] Request for unknown Channel-associated interface: ui::mojom::GpuMain
[1114/112605.145:WARNING:quota_manager.cc(1833)] Create directory failed for path
[1114/112605.146:WARNING:quota_manager.cc(1833)] Create directory failed for path
[1114/112605.146:WARNING:quota_manager.cc(1833)] Create directory failed for path
[1114/112605.147:WARNING:quota_manager.cc(1833)] Create directory failed for path
[1114/113034.763:ERROR:child_thread_impl.cc(762)] Request for unknown Channel-associated interface: ui::mojom::GpuMain
[1114/113114.045:ERROR:child_thread_impl.cc(762)] Request for unknown Channel-associated interface: ui::mojom::GpuMain
[1114/113118.628:WARNING:quota_manager.cc(1833)] Create directory failed for path
[1114/113118.629:WARNING:quota_manager.cc(1833)] Create directory failed for path
[1114/113227.484:ERROR:child_thread_impl.cc(762)] Request for unknown Channel-associated interface: ui::mojom::GpuMain
[1114/113328.720:ERROR:child_thread_impl.cc(762)] Request for unknown Channel-associated interface: ui::mojom::GpuMain
[1114/113617.569:ERROR:child_thread_impl.cc(762)] Request for unknown Channel-associated interface: ui::mojom::GpuMain
[1114/113621.925:WARNING:quota_manager.cc(1833)] Create directory failed for path
[1114/113621.929:WARNING:quota_manager.cc(1833)] Create directory failed for path
[1114/113621.931:WARNING:quota_manager.cc(1833)] Create directory failed for path
[1114/113813.101:ERROR:child_thread_impl.cc(762)] Request for unknown Channel-associated interface: ui::mojom::GpuMain
[1114/113818.204:WARNING:quota_manager.cc(1833)] Create directory failed for path
[1114/113818.204:WARNING:quota_manager.cc(1833)] Create directory failed for path
[1114/114132.712:ERROR:child_thread_impl.cc(762)] Request for unknown Channel-associated interface: ui::mojom::GpuMain
[1114/114137.671:WARNING:quota_manager.cc(1833)] Create directory failed for path
[1114/114137.672:WARNING:quota_manager.cc(1833)] Create directory failed for path
[1114/114349.982:ERROR:child_thread_impl.cc(762)] Request for unknown Channel-associated interface: ui::mojom::GpuMain
[1114/114354.768:WARNING:quota_manager.cc(1833)] Create directory failed for path
[1114/114354.768:WARNING:quota_manager.cc(1833)] Create directory failed for path
[1114/114354.768:WARNING:quota_manager.cc(1833)] Create directory failed for path
[1114/115036.685:ERROR:child_thread_impl.cc(762)] Request for unknown Channel-associated interface: ui::mojom::GpuMain
[1114/115041.206:WARNING:quota_manager.cc(1833)] Create directory failed for path
[1114/115041.207:WARNING:quota_manager.cc(1833)] Create directory failed for path
[1114/153843.073:ERROR:child_thread_impl.cc(762)] Request for unknown Channel-associated interface: ui::mojom::GpuMain
[1114/153858.084:WARNING:quota_manager.cc(1833)] Create directory failed for path
[1114/153858.093:WARNING:quota_manager.cc(1833)] Create directory failed for path
[1114/153858.157:WARNING:quota_manager.cc(1833)] Create directory failed for path
[1114/154513.154:ERROR:child_thread_impl.cc(762)] Request for unknown Channel-associated interface: ui::mojom::GpuMain
[1114/154518.077:WARNING:quota_manager.cc(1833)] Create directory failed for path
[1114/154518.077:WARNING:quota_manager.cc(1833)] Create directory failed for path
[1114/154518.156:WARNING:quota_manager.cc(1833)] Create directory failed for path
[1114/154518.157:WARNING:quota_manager.cc(1833)] Create directory failed for path
[1114/154621.754:ERROR:child_thread_impl.cc(762)] Request for unknown Channel-associated interface: ui::mojom::GpuMain
[1114/154625.450:WARNING:quota_manager.cc(1833)] Create directory failed for path
[1114/154625.450:WARNING:quota_manager.cc(1833)] Create directory failed for path
[1114/154906.082:ERROR:child_thread_impl.cc(762)] Request for unknown Channel-associated interface: ui::mojom::GpuMain
[1114/154957.558:ERROR:child_thread_impl.cc(762)] Request for unknown Channel-associated interface: ui::mojom::GpuMain
[1114/155002.366:WARNING:quota_manager.cc(1833)] Create directory failed for path
[1114/155002.367:WARNING:quota_manager.cc(1833)] Create directory failed for path
[1114/155002.368:WARNING:quota_manager.cc(1833)] Create directory failed for path
[1114/170926.862:ERROR:child_thread_impl.cc(762)] Request for unknown Channel-associated interface: ui::mojom::GpuMain
[1114/170931.865:WARNING:quota_manager.cc(1833)] Create directory failed for path
[1114/170931.865:WARNING:quota_manager.cc(1833)] Create directory failed for path
[1114/170931.866:WARNING:quota_manager.cc(1833)] Create directory failed for path
[1114/170954.672:ERROR:child_thread_impl.cc(762)] Request for unknown Channel-associated interface: ui::mojom::GpuMain
[1114/171635.737:ERROR:child_thread_impl.cc(762)] Request for unknown Channel-associated interface: ui::mojom::GpuMain
[1114/171639.120:WARNING:quota_manager.cc(1833)] Create directory failed for path
[1114/171639.121:WARNING:quota_manager.cc(1833)] Create directory failed for path
[1114/171839.975:ERROR:child_thread_impl.cc(762)] Request for unknown Channel-associated interface: ui::mojom::GpuMain
[1114/171844.132:WARNING:quota_manager.cc(1833)] Create directory failed for path
[1114/171844.132:WARNING:quota_manager.cc(1833)] Create directory failed for path
[1114/171844.133:WARNING:quota_manager.cc(1833)] Create directory failed for path
[1114/171844.134:WARNING:quota_manager.cc(1833)] Create directory failed for path
[1114/173400.571:ERROR:child_thread_impl.cc(762)] Request for unknown Channel-associated interface: ui::mojom::GpuMain
[1114/173406.125:WARNING:quota_manager.cc(1833)] Create directory failed for path
[1114/173406.126:WARNING:quota_manager.cc(1833)] Create directory failed for path
[1114/173406.126:WARNING:quota_manager.cc(1833)] Create directory failed for path
[1114/173406.126:WARNING:quota_manager.cc(1833)] Create directory failed for path
[1114/205608.997:ERROR:child_thread_impl.cc(762)] Request for unknown Channel-associated interface: ui::mojom::GpuMain
[1114/205618.331:WARNING:quota_manager.cc(1833)] Create directory failed for path
[1114/205618.333:WARNING:quota_manager.cc(1833)] Create directory failed for path
[1114/205618.358:WARNING:quota_manager.cc(1833)] Create directory failed for path
[1114/205618.418:WARNING:quota_manager.cc(1833)] Create directory failed for path
[1116/195534.896:ERROR:child_thread_impl.cc(762)] Request for unknown Channel-associated interface: ui::mojom::GpuMain
[1116/195546.962:WARNING:quota_manager.cc(1833)] Create directory failed for path
[1116/195546.979:WARNING:quota_manager.cc(1833)] Create directory failed for path
[1116/195546.992:WARNING:quota_manager.cc(1833)] Create directory failed for path
[1116/195547.004:WARNING:quota_manager.cc(1833)] Create directory failed for path
[1116/195824.077:ERROR:child_thread_impl.cc(762)] Request for unknown Channel-associated interface: ui::mojom::GpuMain
[1116/195827.743:WARNING:quota_manager.cc(1833)] Create directory failed for path
[1116/195827.743:WARNING:quota_manager.cc(1833)] Create directory failed for path
[1116/201813.610:ERROR:child_thread_impl.cc(762)] Request for unknown Channel-associated interface: ui::mojom::GpuMain
[1116/201818.364:WARNING:quota_manager.cc(1833)] Create directory failed for path
[1116/201818.365:WARNING:quota_manager.cc(1833)] Create directory failed for path
[1116/202352.849:ERROR:child_thread_impl.cc(762)] Request for unknown Channel-associated interface: ui::mojom::GpuMain
[1116/202357.364:WARNING:quota_manager.cc(1833)] Create directory failed for path
[1116/202357.365:WARNING:quota_manager.cc(1833)] Create directory failed for path
[1116/202434.580:ERROR:child_thread_impl.cc(762)] Request for unknown Channel-associated interface: ui::mojom::GpuMain
[1116/202439.364:WARNING:quota_manager.cc(1833)] Create directory failed for path
[1116/202439.365:WARNING:quota_manager.cc(1833)] Create directory failed for path
[1116/204216.972:ERROR:child_thread_impl.cc(762)] Request for unknown Channel-associated interface: ui::mojom::GpuMain
[1116/204221.410:WARNING:quota_manager.cc(1833)] Create directory failed for path
[1116/204221.410:WARNING:quota_manager.cc(1833)] Create directory failed for path
[1116/204221.411:WARNING:quota_manager.cc(1833)] Create directory failed for path
[1116/204221.412:WARNING:quota_manager.cc(1833)] Create directory failed for path
[1116/204631.448:ERROR:child_thread_impl.cc(762)] Request for unknown Channel-associated interface: ui::mojom::GpuMain
[1116/204637.367:WARNING:quota_manager.cc(1833)] Create directory failed for path
[1116/204637.368:WARNING:quota_manager.cc(1833)] Create directory failed for path
[1116/204637.368:WARNING:quota_manager.cc(1833)] Create directory failed for path
[1116/204743.998:ERROR:child_thread_impl.cc(762)] Request for unknown Channel-associated interface: ui::mojom::GpuMain
[1116/204750.363:WARNING:quota_manager.cc(1833)] Create directory failed for path
[1116/204750.364:WARNING:quota_manager.cc(1833)] Create directory failed for path
[1116/205009.204:ERROR:child_thread_impl.cc(762)] Request for unknown Channel-associated interface: ui::mojom::GpuMain
[1116/205013.404:WARNING:quota_manager.cc(1833)] Create directory failed for path
[1116/205013.404:WARNING:quota_manager.cc(1833)] Create directory failed for path
[1116/205040.019:ERROR:child_thread_impl.cc(762)] Request for unknown Channel-associated interface: ui::mojom::GpuMain
[1116/205044.360:WARNING:quota_manager.cc(1833)] Create directory failed for path
[1116/205044.360:WARNING:quota_manager.cc(1833)] Create directory failed for path
[1116/205315.063:ERROR:child_thread_impl.cc(762)] Request for unknown Channel-associated interface: ui::mojom::GpuMain
[1116/205320.326:WARNING:quota_manager.cc(1833)] Create directory failed for path
[1116/205320.327:WARNING:quota_manager.cc(1833)] Create directory failed for path
[1116/205320.330:WARNING:quota_manager.cc(1833)] Create directory failed for path
[1116/205320.330:WARNING:quota_manager.cc(1833)] Create directory failed for path
[1116/210811.338:ERROR:child_thread_impl.cc(762)] Request for unknown Channel-associated interface: ui::mojom::GpuMain
[1116/210816.376:WARNING:quota_manager.cc(1833)] Create directory failed for path
[1116/210816.377:WARNING:quota_manager.cc(1833)] Create directory failed for path
[1116/210816.377:WARNING:quota_manager.cc(1833)] Create directory failed for path
[1116/211134.398:ERROR:child_thread_impl.cc(762)] Request for unknown Channel-associated interface: ui::mojom::GpuMain
[1116/211143.450:WARNING:quota_manager.cc(1833)] Create directory failed for path
[1116/211143.451:WARNING:quota_manager.cc(1833)] Create directory failed for path
[1116/212314.262:ERROR:child_thread_impl.cc(762)] Request for unknown Channel-associated interface: ui::mojom::GpuMain
[1116/212319.364:WARNING:quota_manager.cc(1833)] Create directory failed for path
[1116/212319.364:WARNING:quota_manager.cc(1833)] Create directory failed for path
[1116/212632.707:ERROR:child_thread_impl.cc(762)] Request for unknown Channel-associated interface: ui::mojom::GpuMain
[1116/212637.359:WARNING:quota_manager.cc(1833)] Create directory failed for path
[1116/212637.359:WARNING:quota_manager.cc(1833)] Create directory failed for path
[1116/221048.276:ERROR:child_thread_impl.cc(762)] Request for unknown Channel-associated interface: ui::mojom::GpuMain
[1116/224018.060:ERROR:child_thread_impl.cc(762)] Request for unknown Channel-associated interface: ui::mojom::GpuMain
[1116/224022.725:WARNING:quota_manager.cc(1833)] Create directory failed for path
[1116/224022.726:WARNING:quota_manager.cc(1833)] Create directory failed for path
[1117/193552.564:ERROR:child_thread_impl.cc(762)] Request for unknown Channel-associated interface: ui::mojom::GpuMain
[1117/193603.814:WARNING:quota_manager.cc(1833)] Create directory failed for path
[1117/193603.870:WARNING:quota_manager.cc(1833)] Create directory failed for path
[1117/193603.901:WARNING:quota_manager.cc(1833)] Create directory failed for path
[1117/193603.907:WARNING:quota_manager.cc(1833)] Create directory failed for path
[1117/193821.344:ERROR:child_thread_impl.cc(762)] Request for unknown Channel-associated interface: ui::mojom::GpuMain
[1117/193825.319:WARNING:quota_manager.cc(1833)] Create directory failed for path
[1117/193825.319:WARNING:quota_manager.cc(1833)] Create directory failed for path
[1117/194543.741:ERROR:child_thread_impl.cc(762)] Request for unknown Channel-associated interface: ui::mojom::GpuMain
[1117/194548.278:WARNING:quota_manager.cc(1833)] Create directory failed for path
[1117/194548.279:WARNING:quota_manager.cc(1833)] Create directory failed for path
[1117/194830.537:ERROR:child_thread_impl.cc(762)] Request for unknown Channel-associated interface: ui::mojom::GpuMain
[1117/194835.276:WARNING:quota_manager.cc(1833)] Create directory failed for path
[1117/194835.277:WARNING:quota_manager.cc(1833)] Create directory failed for path
[1117/195138.000:ERROR:child_thread_impl.cc(762)] Request for unknown Channel-associated interface: ui::mojom::GpuMain
[1117/195142.281:WARNING:quota_manager.cc(1833)] Create directory failed for path
[1117/195142.282:WARNING:quota_manager.cc(1833)] Create directory failed for path
[1117/195428.118:ERROR:child_thread_impl.cc(762)] Request for unknown Channel-associated interface: ui::mojom::GpuMain
[1117/195432.280:WARNING:quota_manager.cc(1833)] Create directory failed for path
[1117/195432.280:WARNING:quota_manager.cc(1833)] Create directory failed for path
[1117/214807.679:ERROR:child_thread_impl.cc(762)] Request for unknown Channel-associated interface: ui::mojom::GpuMain
[1117/214813.279:WARNING:quota_manager.cc(1833)] Create directory failed for path
[1117/214813.280:WARNING:quota_manager.cc(1833)] Create directory failed for path
[1117/220642.483:ERROR:child_thread_impl.cc(762)] Request for unknown Channel-associated interface: ui::mojom::GpuMain
[1117/220648.281:WARNING:quota_manager.cc(1833)] Create directory failed for path
[1117/220648.282:WARNING:quota_manager.cc(1833)] Create directory failed for path
[1117/220727.302:ERROR:child_thread_impl.cc(762)] Request for unknown Channel-associated interface: ui::mojom::GpuMain
[1117/221316.538:ERROR:child_thread_impl.cc(762)] Request for unknown Channel-associated interface: ui::mojom::GpuMain
[1117/221322.278:WARNING:quota_manager.cc(1833)] Create directory failed for path
[1117/221322.278:WARNING:quota_manager.cc(1833)] Create directory failed for path
[1117/221605.811:ERROR:child_thread_impl.cc(762)] Request for unknown Channel-associated interface: ui::mojom::GpuMain
[1117/221739.194:ERROR:child_thread_impl.cc(762)] Request for unknown Channel-associated interface: ui::mojom::GpuMain
[1117/221746.320:WARNING:quota_manager.cc(1833)] Create directory failed for path
[1117/221746.320:WARNING:quota_manager.cc(1833)] Create directory failed for path
[1118/170101.035:ERROR:child_thread_impl.cc(762)] Request for unknown Channel-associated interface: ui::mojom::GpuMain
[1118/170108.599:WARNING:quota_manager.cc(1833)] Create directory failed for path
[1118/170108.693:WARNING:quota_manager.cc(1833)] Create directory failed for path
[1118/170108.785:WARNING:quota_manager.cc(1833)] Create directory failed for path
[1118/170108.851:WARNING:quota_manager.cc(1833)] Create directory failed for path
[1118/170740.592:ERROR:child_thread_impl.cc(762)] Request for unknown Channel-associated interface: ui::mojom::GpuMain
[1118/170744.128:WARNING:quota_manager.cc(1833)] Create directory failed for path
[1118/170744.129:WARNING:quota_manager.cc(1833)] Create directory failed for path
[1118/170744.129:WARNING:quota_manager.cc(1833)] Create directory failed for path
[1118/170744.129:WARNING:quota_manager.cc(1833)] Create directory failed for path
[1118/171411.589:ERROR:child_thread_impl.cc(762)] Request for unknown Channel-associated interface: ui::mojom::GpuMain
[1118/171416.117:WARNING:quota_manager.cc(1833)] Create directory failed for path
[1118/171416.118:WARNING:quota_manager.cc(1833)] Create directory failed for path
[1118/171806.441:ERROR:child_thread_impl.cc(762)] Request for unknown Channel-associated interface: ui::mojom::GpuMain
[1118/171810.155:WARNING:quota_manager.cc(1833)] Create directory failed for path
[1118/171810.156:WARNING:quota_manager.cc(1833)] Create directory failed for path
[1118/171848.935:ERROR:child_thread_impl.cc(762)] Request for unknown Channel-associated interface: ui::mojom::GpuMain
[1118/171853.120:WARNING:quota_manager.cc(1833)] Create directory failed for path
[1118/171853.121:WARNING:quota_manager.cc(1833)] Create directory failed for path
[1118/171918.277:ERROR:child_thread_impl.cc(762)] Request for unknown Channel-associated interface: ui::mojom::GpuMain
[1118/171938.164:WARNING:quota_manager.cc(1833)] Create directory failed for path
[1118/171938.164:WARNING:quota_manager.cc(1833)] Create directory failed for path
[1118/172024.814:ERROR:child_thread_impl.cc(762)] Request for unknown Channel-associated interface: ui::mojom::GpuMain
[1118/172029.124:WARNING:quota_manager.cc(1833)] Create directory failed for path
[1118/172029.124:WARNING:quota_manager.cc(1833)] Create directory failed for path
[1118/172453.699:ERROR:child_thread_impl.cc(762)] Request for unknown Channel-associated interface: ui::mojom::GpuMain
[1118/172458.125:WARNING:quota_manager.cc(1833)] Create directory failed for path
[1118/172458.126:WARNING:quota_manager.cc(1833)] Create directory failed for path
[1118/172752.088:ERROR:child_thread_impl.cc(762)] Request for unknown Channel-associated interface: ui::mojom::GpuMain
[1118/172756.122:WARNING:quota_manager.cc(1833)] Create directory failed for path
[1118/172756.122:WARNING:quota_manager.cc(1833)] Create directory failed for path
[1118/173048.726:ERROR:child_thread_impl.cc(762)] Request for unknown Channel-associated interface: ui::mojom::GpuMain
[1118/173053.124:WARNING:quota_manager.cc(1833)] Create directory failed for path
[1118/173053.125:WARNING:quota_manager.cc(1833)] Create directory failed for path
[1118/173105.749:ERROR:child_thread_impl.cc(762)] Request for unknown Channel-associated interface: ui::mojom::GpuMain
[1118/173109.214:WARNING:quota_manager.cc(1833)] Create directory failed for path
[1118/173109.215:WARNING:quota_manager.cc(1833)] Create directory failed for path
[1118/173451.173:ERROR:child_thread_impl.cc(762)] Request for unknown Channel-associated interface: ui::mojom::GpuMain
[1118/173455.123:WARNING:quota_manager.cc(1833)] Create directory failed for path
[1118/173455.123:WARNING:quota_manager.cc(1833)] Create directory failed for path
[1118/173745.892:ERROR:child_thread_impl.cc(762)] Request for unknown Channel-associated interface: ui::mojom::GpuMain
[1118/173754.676:ERROR:child_thread_impl.cc(762)] Request for unknown Channel-associated interface: ui::mojom::GpuMain
[1118/173758.168:WARNING:quota_manager.cc(1833)] Create directory failed for path
[1118/173758.168:WARNING:quota_manager.cc(1833)] Create directory failed for path
[1118/173857.244:ERROR:child_thread_impl.cc(762)] Request for unknown Channel-associated interface: ui::mojom::GpuMain
[1118/173901.120:WARNING:quota_manager.cc(1833)] Create directory failed for path
[1118/173901.120:WARNING:quota_manager.cc(1833)] Create directory failed for path
[1118/173901.121:WARNING:quota_manager.cc(1833)] Create directory failed for path
[1118/173901.121:WARNING:quota_manager.cc(1833)] Create directory failed for path
[1118/174754.130:ERROR:child_thread_impl.cc(762)] Request for unknown Channel-associated interface: ui::mojom::GpuMain
[1118/174819.888:ERROR:child_thread_impl.cc(762)] Request for unknown Channel-associated interface: ui::mojom::GpuMain
[1118/174826.118:WARNING:quota_manager.cc(1833)] Create directory failed for path
[1118/174826.119:WARNING:quota_manager.cc(1833)] Create directory failed for path
[1118/174826.119:WARNING:quota_manager.cc(1833)] Create directory failed for path
[1118/174845.779:ERROR:child_thread_impl.cc(762)] Request for unknown Channel-associated interface: ui::mojom::GpuMain
[1118/174850.118:WARNING:quota_manager.cc(1833)] Create directory failed for path
[1118/174850.119:WARNING:quota_manager.cc(1833)] Create directory failed for path
[1118/175636.941:ERROR:child_thread_impl.cc(762)] Request for unknown Channel-associated interface: ui::mojom::GpuMain
[1118/175641.121:WARNING:quota_manager.cc(1833)] Create directory failed for path
[1118/175641.122:WARNING:quota_manager.cc(1833)] Create directory failed for path
[1118/175641.122:WARNING:quota_manager.cc(1833)] Create directory failed for path
[1118/175904.351:ERROR:child_thread_impl.cc(762)] Request for unknown Channel-associated interface: ui::mojom::GpuMain
[1118/175908.123:WARNING:quota_manager.cc(1833)] Create directory failed for path
[1118/175908.123:WARNING:quota_manager.cc(1833)] Create directory failed for path
[1118/175908.123:WARNING:quota_manager.cc(1833)] Create directory failed for path
[1118/175942.508:ERROR:child_thread_impl.cc(762)] Request for unknown Channel-associated interface: ui::mojom::GpuMain
[1118/175946.165:WARNING:quota_manager.cc(1833)] Create directory failed for path
[1118/175946.165:WARNING:quota_manager.cc(1833)] Create directory failed for path
[1118/180115.320:ERROR:child_thread_impl.cc(762)] Request for unknown Channel-associated interface: ui::mojom::GpuMain
[1118/180119.202:WARNING:quota_manager.cc(1833)] Create directory failed for path
[1118/180119.202:WARNING:quota_manager.cc(1833)] Create directory failed for path
[1118/180132.344:ERROR:child_thread_impl.cc(762)] Request for unknown Channel-associated interface: ui::mojom::GpuMain
[1118/180136.124:WARNING:quota_manager.cc(1833)] Create directory failed for path
[1118/180136.124:WARNING:quota_manager.cc(1833)] Create directory failed for path
[1118/180147.800:ERROR:child_thread_impl.cc(762)] Request for unknown Channel-associated interface: ui::mojom::GpuMain
[1118/180152.123:WARNING:quota_manager.cc(1833)] Create directory failed for path
[1118/180152.123:WARNING:quota_manager.cc(1833)] Create directory failed for path
[1118/180406.854:ERROR:child_thread_impl.cc(762)] Request for unknown Channel-associated interface: ui::mojom::GpuMain
[1118/180411.132:WARNING:quota_manager.cc(1833)] Create directory failed for path
[1118/180411.132:WARNING:quota_manager.cc(1833)] Create directory failed for path
[1118/180411.132:WARNING:quota_manager.cc(1833)] Create directory failed for path
[1118/180448.469:ERROR:child_thread_impl.cc(762)] Request for unknown Channel-associated interface: ui::mojom::GpuMain
[1118/180452.127:WARNING:quota_manager.cc(1833)] Create directory failed for path
[1118/180452.128:WARNING:quota_manager.cc(1833)] Create directory failed for path
[1118/180528.812:ERROR:child_thread_impl.cc(762)] Request for unknown Channel-associated interface: ui::mojom::GpuMain
[1118/180533.121:WARNING:quota_manager.cc(1833)] Create directory failed for path
[1118/180533.121:WARNING:quota_manager.cc(1833)] Create directory failed for path
[1118/180533.121:WARNING:quota_manager.cc(1833)] Create directory failed for path
[1118/180714.658:ERROR:child_thread_impl.cc(762)] Request for unknown Channel-associated interface: ui::mojom::GpuMain
[1118/180719.125:WARNING:quota_manager.cc(1833)] Create directory failed for path
[1118/180719.125:WARNING:quota_manager.cc(1833)] Create directory failed for path
[1118/180808.392:ERROR:child_thread_impl.cc(762)] Request for unknown Channel-associated interface: ui::mojom::GpuMain
[1118/180812.160:WARNING:quota_manager.cc(1833)] Create directory failed for path
[1118/180812.161:WARNING:quota_manager.cc(1833)] Create directory failed for path
[1119/191058.706:ERROR:child_thread_impl.cc(762)] Request for unknown Channel-associated interface: ui::mojom::GpuMain
[1119/191446.005:ERROR:child_thread_impl.cc(762)] Request for unknown Channel-associated interface: ui::mojom::GpuMain
[1119/191451.276:WARNING:quota_manager.cc(1833)] Create directory failed for path
[1119/191451.276:WARNING:quota_manager.cc(1833)] Create directory failed for path
[1119/191451.344:WARNING:quota_manager.cc(1833)] Create directory failed for path
[1119/191451.345:WARNING:quota_manager.cc(1833)] Create directory failed for path
[1119/191655.315:ERROR:child_thread_impl.cc(762)] Request for unknown Channel-associated interface: ui::mojom::GpuMain
[1119/191659.908:WARNING:quota_manager.cc(1833)] Create directory failed for path
[1119/191659.909:WARNING:quota_manager.cc(1833)] Create directory failed for path
[1119/191808.172:ERROR:child_thread_impl.cc(762)] Request for unknown Channel-associated interface: ui::mojom::GpuMain
[1119/191812.943:WARNING:quota_manager.cc(1833)] Create directory failed for path
[1119/191812.944:WARNING:quota_manager.cc(1833)] Create directory failed for path
[1119/191832.256:ERROR:child_thread_impl.cc(762)] Request for unknown Channel-associated interface: ui::mojom::GpuMain
[1119/191836.945:WARNING:quota_manager.cc(1833)] Create directory failed for path
[1119/191836.946:WARNING:quota_manager.cc(1833)] Create directory failed for path
[1119/191836.948:WARNING:quota_manager.cc(1833)] Create directory failed for path
[1119/191836.950:WARNING:quota_manager.cc(1833)] Create directory failed for path
[1119/192020.110:ERROR:child_thread_impl.cc(762)] Request for unknown Channel-associated interface: ui::mojom::GpuMain
[1119/192024.969:WARNING:quota_manager.cc(1833)] Create directory failed for path
[1119/192024.969:WARNING:quota_manager.cc(1833)] Create directory failed for path
[1119/192209.846:ERROR:child_thread_impl.cc(762)] Request for unknown Channel-associated interface: ui::mojom::GpuMain
[1119/192213.995:WARNING:quota_manager.cc(1833)] Create directory failed for path
[1119/192213.995:WARNING:quota_manager.cc(1833)] Create directory failed for path
[1119/192312.064:ERROR:child_thread_impl.cc(762)] Request for unknown Channel-associated interface: ui::mojom::GpuMain
[1119/192316.931:WARNING:quota_manager.cc(1833)] Create directory failed for path
[1119/192316.931:WARNING:quota_manager.cc(1833)] Create directory failed for path
